1638187293572	geckodriver	INFO	Listening on 127.0.0.1:57035
1638187293798	mozrunner::runner	INFO	Running command: "/Applications/Firefox.app/Contents/MacOS/firefox-bin" "--marionette" "--remote-debugging-port" "57036" "-foreground" "-no-remote" "-profile" "/var/folders/4d/379bddts1818186znzk3kqbh0000gn/T/rust_mozprofilem5IoqQ"
DevTools listening on ws://localhost:57036/devtools/browser/032e760e-c4b0-1b4d-831f-81a8edb93f2d
1638195857566	geckodriver	INFO	Listening on 127.0.0.1:58986
1638195858093	mozrunner::runner	INFO	Running command: "/Applications/Firefox.app/Contents/MacOS/firefox-bin" "--marionette" "--remote-debugging-port" "58987" "-foreground" "-no-remote" "-profile" "/var/folders/4d/379bddts1818186znzk3kqbh0000gn/T/rust_mozprofiledFIjjs"
1638195858992	Marionette	INFO	Marionette enabled
console.warn: SearchSettings: "get: No settings file exists, new profile?" (new NotFoundError("Could not open the file at /var/folders/4d/379bddts1818186znzk3kqbh0000gn/T/rust_mozprofiledFIjjs/search.json.mozlz4", (void 0)))
console.error: BackgroundUpdate: 
  _reasonsToNotScheduleUpdates: Failed to check for Maintenance Service Registry Key: [Exception... "Component returned failure code: 0x80004001 (NS_ERROR_NOT_IMPLEMENTED) [nsIUpdateProcessor.getServiceRegKeyExists]"  nsresult: "0x80004001 (NS_ERROR_NOT_IMPLEMENTED)"  location: "JS frame :: resource://gre/modules/BackgroundUpdate.jsm :: _reasonsToNotScheduleUpdates :: line 243"  data: no]
DevTools listening on ws://localhost:58987/devtools/browser/ec8dcaac-d823-074f-b853-79b1854bc0e9
1638195860754	Marionette	INFO	Listening on port 58994
1638195860800	RemoteAgent	WARN	TLS certificate errors will be ignored for this session
1638196157297	geckodriver	INFO	Listening on 127.0.0.1:59076
1638196157310	mozrunner::runner	INFO	Running command: "/Applications/Firefox.app/Contents/MacOS/firefox-bin" "--marionette" "--remote-debugging-port" "59077" "-foreground" "-no-remote" "-profile" "/var/folders/4d/379bddts1818186znzk3kqbh0000gn/T/rust_mozprofileY7TduS"
1638196157822	Marionette	INFO	Marionette enabled
console.warn: SearchSettings: "get: No settings file exists, new profile?" (new NotFoundError("Could not open the file at /var/folders/4d/379bddts1818186znzk3kqbh0000gn/T/rust_mozprofileY7TduS/search.json.mozlz4", (void 0)))
console.error: BackgroundUpdate: 
  _reasonsToNotScheduleUpdates: Failed to check for Maintenance Service Registry Key: [Exception... "Component returned failure code: 0x80004001 (NS_ERROR_NOT_IMPLEMENTED) [nsIUpdateProcessor.getServiceRegKeyExists]"  nsresult: "0x80004001 (NS_ERROR_NOT_IMPLEMENTED)"  location: "JS frame :: resource://gre/modules/BackgroundUpdate.jsm :: _reasonsToNotScheduleUpdates :: line 243"  data: no]
DevTools listening on ws://localhost:59077/devtools/browser/1dbbe882-f280-9045-a8b3-b9895a5dd8f1
1638196159570	Marionette	INFO	Listening on port 59082
1638196159601	RemoteAgent	WARN	TLS certificate errors will be ignored for this session
console.log: WebExtensions: reset-default-search: starting.
console.log: WebExtensions: reset-default-search: No addons in our list are installed.
console.log: WebExtensions: reset-default-search: starting.
console.log: WebExtensions: reset-default-search: No addons in our list are installed.
1638201435615	Marionette	INFO	Stopped listening on port 58994
JavaScript error: resource:///modules/Interactions.jsm, line 209: NS_ERROR_FAILURE: Component returned failure code: 0x80004005 (NS_ERROR_FAILURE) [nsIUserIdleService.removeIdleObserver]
!!! error running onStopped callback: TypeError: callback is not a function

###!!! [Parent][RunMessage] Error: Channel closing: too late to send/recv, messages will be lost

1638201435718	RemoteAgent	ERROR	unable to stop listener: [Exception... "Component returned failure code: 0x8000ffff (NS_ERROR_UNEXPECTED) [nsIWindowMediator.getEnumerator]"  nsresult: "0x8000ffff (NS_ERROR_UNEXPECTED)"  location: "JS frame :: chrome://remote/content/cdp/observers/TargetObserver.jsm :: stop :: line 64"  data: no] Stack trace: stop()@TargetObserver.jsm:64
unwatchForTabs()@TargetList.jsm:70
unwatchForTargets()@TargetList.jsm:37
destructor()@TargetList.jsm:109
stop()@CDP.jsm:104
close()@RemoteAgent.jsm:138
1638201437491	Marionette	INFO	Stopped listening on port 59082
JavaScript error: resource:///modules/Interactions.jsm, line 209: NS_ERROR_FAILURE: Component returned failure code: 0x80004005 (NS_ERROR_FAILURE) [nsIUserIdleService.removeIdleObserver]
!!! error running onStopped callback: TypeError: callback is not a function
1638201437591	RemoteAgent	ERROR	unable to stop listener: [Exception... "Component returned failure code: 0x8000ffff (NS_ERROR_UNEXPECTED) [nsIWindowMediator.getEnumerator]"  nsresult: "0x8000ffff (NS_ERROR_UNEXPECTED)"  location: "JS frame :: chrome://remote/content/cdp/observers/TargetObserver.jsm :: stop :: line 64"  data: no] Stack trace: stop()@TargetObserver.jsm:64
unwatchForTabs()@TargetList.jsm:70
unwatchForTargets()@TargetList.jsm:37
destructor()@TargetList.jsm:109
stop()@CDP.jsm:104
close()@RemoteAgent.jsm:138
1638201465720	geckodriver	INFO	Listening on 127.0.0.1:59867
1638201466242	mozrunner::runner	INFO	Running command: "/Applications/Firefox.app/Contents/MacOS/firefox-bin" "--marionette" "--remote-debugging-port" "59868" "-foreground" "-no-remote" "-profile" "/var/folders/4d/379bddts1818186znzk3kqbh0000gn/T/rust_mozprofileG2N3b1"
1638201466657	Marionette	INFO	Marionette enabled
console.warn: SearchSettings: "get: No settings file exists, new profile?" (new NotFoundError("Could not open the file at /var/folders/4d/379bddts1818186znzk3kqbh0000gn/T/rust_mozprofileG2N3b1/search.json.mozlz4", (void 0)))
console.error: BackgroundUpdate: 
  _reasonsToNotScheduleUpdates: Failed to check for Maintenance Service Registry Key: [Exception... "Component returned failure code: 0x80004001 (NS_ERROR_NOT_IMPLEMENTED) [nsIUpdateProcessor.getServiceRegKeyExists]"  nsresult: "0x80004001 (NS_ERROR_NOT_IMPLEMENTED)"  location: "JS frame :: resource://gre/modules/BackgroundUpdate.jsm :: _reasonsToNotScheduleUpdates :: line 243"  data: no]
DevTools listening on ws://localhost:59868/devtools/browser/152c0d8b-f836-f946-801c-3347ee28707f
1638201468357	Marionette	INFO	Listening on port 59876
1638201468409	RemoteAgent	WARN	TLS certificate errors will be ignored for this session
1638201468913	Marionette	INFO	Stopped listening on port 59876
JavaScript error: resource:///modules/Interactions.jsm, line 209: NS_ERROR_FAILURE: Component returned failure code: 0x80004005 (NS_ERROR_FAILURE) [nsIUserIdleService.removeIdleObserver]
!!! error running onStopped callback: TypeError: callback is not a function

###!!! [Parent][RunMessage] Error: Channel closing: too late to send/recv, messages will be lost

1638201469233	RemoteAgent	ERROR	unable to stop listener: [Exception... "Component returned failure code: 0x8000ffff (NS_ERROR_UNEXPECTED) [nsIWindowMediator.getEnumerator]"  nsresult: "0x8000ffff (NS_ERROR_UNEXPECTED)"  location: "JS frame :: chrome://remote/content/cdp/observers/TargetObserver.jsm :: stop :: line 64"  data: no] Stack trace: stop()@TargetObserver.jsm:64
unwatchForTabs()@TargetList.jsm:70
unwatchForTargets()@TargetList.jsm:37
destructor()@TargetList.jsm:109
stop()@CDP.jsm:104
close()@RemoteAgent.jsm:138
1638277617206	geckodriver	INFO	Listening on 127.0.0.1:56826
1638277617206	geckodriver	INFO	Listening on 127.0.0.1:56825
1638277617274	mozrunner::runner	INFO	Running command: "/Applications/Firefox.app/Contents/MacOS/firefox-bin" "--marionette" "--remote-debugging-port" "56827" "-foreground" "-no-remote" "-profile" "/var/folders/4d/379bddts1818186znzk3kqbh0000gn/T/rust_mozprofile4OA8iw"
1638277617274	mozrunner::runner	INFO	Running command: "/Applications/Firefox.app/Contents/MacOS/firefox-bin" "--marionette" "--remote-debugging-port" "56828" "-foreground" "-no-remote" "-profile" "/var/folders/4d/379bddts1818186znzk3kqbh0000gn/T/rust_mozprofiletx6WMi"
1638277617782	geckodriver	INFO	Listening on 127.0.0.1:56849
1638277617792	geckodriver	INFO	Listening on 127.0.0.1:56851
1638277617842	mozrunner::runner	INFO	Running command: "/Applications/Firefox.app/Contents/MacOS/firefox-bin" "--marionette" "--remote-debugging-port" "56852" "-foreground" "-no-remote" "-profile" "/var/folders/4d/379bddts1818186znzk3kqbh0000gn/T/rust_mozprofile3BaM8r"
1638277617842	mozrunner::runner	INFO	Running command: "/Applications/Firefox.app/Contents/MacOS/firefox-bin" "--marionette" "--remote-debugging-port" "56850" "-foreground" "-no-remote" "-profile" "/var/folders/4d/379bddts1818186znzk3kqbh0000gn/T/rust_mozprofilexzERUs"
1638277626947	Marionette	INFO	Marionette enabled
1638277626978	Marionette	INFO	Marionette enabled
console.warn: SearchSettings: "get: No settings file exists, new profile?" (new NotFoundError("Could not open the file at /var/folders/4d/379bddts1818186znzk3kqbh0000gn/T/rust_mozprofilexzERUs/search.json.mozlz4", (void 0)))
console.warn: SearchSettings: "get: No settings file exists, new profile?" (new NotFoundError("Could not open the file at /var/folders/4d/379bddts1818186znzk3kqbh0000gn/T/rust_mozprofile3BaM8r/search.json.mozlz4", (void 0)))
console.error: BackgroundUpdate: 
  _reasonsToNotScheduleUpdates: Failed to check for Maintenance Service Registry Key: [Exception... "Component returned failure code: 0x80004001 (NS_ERROR_NOT_IMPLEMENTED) [nsIUpdateProcessor.getServiceRegKeyExists]"  nsresult: "0x80004001 (NS_ERROR_NOT_IMPLEMENTED)"  location: "JS frame :: resource://gre/modules/BackgroundUpdate.jsm :: _reasonsToNotScheduleUpdates :: line 243"  data: no]
console.error: BackgroundUpdate: 
  _reasonsToNotScheduleUpdates: Failed to check for Maintenance Service Registry Key: [Exception... "Component returned failure code: 0x80004001 (NS_ERROR_NOT_IMPLEMENTED) [nsIUpdateProcessor.getServiceRegKeyExists]"  nsresult: "0x80004001 (NS_ERROR_NOT_IMPLEMENTED)"  location: "JS frame :: resource://gre/modules/BackgroundUpdate.jsm :: _reasonsToNotScheduleUpdates :: line 243"  data: no]
DevTools listening on ws://localhost:56852/devtools/browser/82279399-1b15-b045-9e64-6ad01741a310
DevTools listening on ws://localhost:56850/devtools/browser/2650aa3a-dc18-414f-b028-455daeb7638d
1638277631673	Marionette	INFO	Listening on port 56862
1638277631793	Marionette	INFO	Listening on port 56861
1638277631853	RemoteAgent	WARN	TLS certificate errors will be ignored for this session
1638277631899	RemoteAgent	WARN	TLS certificate errors will be ignored for this session
DevTools listening on ws://localhost:56827/devtools/browser/375da6de-15f0-b34a-8774-301d918bd655
DevTools listening on ws://localhost:56828/devtools/browser/6c28db6c-e686-3b4f-9998-b9849b7a2f70
[2021-11-30T13:07:13Z ERROR viaduct::backend::ffi] Missing HTTP status

###!!! [Parent][RunMessage] Error: Channel closing: too late to send/recv, messages will be lost

1638277634818	Marionette	INFO	Stopped listening on port 56861
1638277634892	Marionette	INFO	Stopped listening on port 56862

###!!! [Parent][RunMessage] Error: Channel closing: too late to send/recv, messages will be lost


###!!! [Parent][RunMessage] Error: Channel closing: too late to send/recv, messages will be lost

1638277637412	geckodriver	INFO	Listening on 127.0.0.1:57517
1638277638778	mozrunner::runner	INFO	Running command: "/Applications/Firefox.app/Contents/MacOS/firefox-bin" "--marionette" "--remote-debugging-port" "57518" "-foreground" "-no-remote" "-profile" "/var/folders/4d/379bddts1818186znzk3kqbh0000gn/T/rust_mozprofileGNUAld"
1638277639318	Marionette	INFO	Marionette enabled
1638277639645	geckodriver	INFO	Listening on 127.0.0.1:57604
1638277639675	geckodriver	INFO	Listening on 127.0.0.1:57608
1638277640163	mozrunner::runner	INFO	Running command: "/Applications/Firefox.app/Contents/MacOS/firefox-bin" "--marionette" "--remote-debugging-port" "57605" "-foreground" "-no-remote" "-profile" "/var/folders/4d/379bddts1818186znzk3kqbh0000gn/T/rust_mozprofileZJK2VS"
1638277640192	mozrunner::runner	INFO	Running command: "/Applications/Firefox.app/Contents/MacOS/firefox-bin" "--marionette" "--remote-debugging-port" "57609" "-foreground" "-no-remote" "-profile" "/var/folders/4d/379bddts1818186znzk3kqbh0000gn/T/rust_mozprofilex0oUh1"
1638277640739	Marionette	INFO	Marionette enabled
console.warn: SearchSettings: "get: No settings file exists, new profile?" (new NotFoundError("Could not open the file at /var/folders/4d/379bddts1818186znzk3kqbh0000gn/T/rust_mozprofileGNUAld/search.json.mozlz4", (void 0)))
1638277640851	Marionette	INFO	Marionette enabled
console.error: BackgroundUpdate: 
  _reasonsToNotScheduleUpdates: Failed to check for Maintenance Service Registry Key: [Exception... "Component returned failure code: 0x80004001 (NS_ERROR_NOT_IMPLEMENTED) [nsIUpdateProcessor.getServiceRegKeyExists]"  nsresult: "0x80004001 (NS_ERROR_NOT_IMPLEMENTED)"  location: "JS frame :: resource://gre/modules/BackgroundUpdate.jsm :: _reasonsToNotScheduleUpdates :: line 243"  data: no]
DevTools listening on ws://localhost:57518/devtools/browser/6f37c8ec-2fdc-cd46-9ff0-5822e9b32f49
1638277641876	Marionette	INFO	Listening on port 57531
console.warn: SearchSettings: "get: No settings file exists, new profile?" (new NotFoundError("Could not open the file at /var/folders/4d/379bddts1818186znzk3kqbh0000gn/T/rust_mozprofilex0oUh1/search.json.mozlz4", (void 0)))
1638277641987	RemoteAgent	WARN	TLS certificate errors will be ignored for this session
console.warn: SearchSettings: "get: No settings file exists, new profile?" (new NotFoundError("Could not open the file at /var/folders/4d/379bddts1818186znzk3kqbh0000gn/T/rust_mozprofileZJK2VS/search.json.mozlz4", (void 0)))
console.error: BackgroundUpdate: 
  _reasonsToNotScheduleUpdates: Failed to check for Maintenance Service Registry Key: [Exception... "Component returned failure code: 0x80004001 (NS_ERROR_NOT_IMPLEMENTED) [nsIUpdateProcessor.getServiceRegKeyExists]"  nsresult: "0x80004001 (NS_ERROR_NOT_IMPLEMENTED)"  location: "JS frame :: resource://gre/modules/BackgroundUpdate.jsm :: _reasonsToNotScheduleUpdates :: line 243"  data: no]
console.error: BackgroundUpdate: 
  _reasonsToNotScheduleUpdates: Failed to check for Maintenance Service Registry Key: [Exception... "Component returned failure code: 0x80004001 (NS_ERROR_NOT_IMPLEMENTED) [nsIUpdateProcessor.getServiceRegKeyExists]"  nsresult: "0x80004001 (NS_ERROR_NOT_IMPLEMENTED)"  location: "JS frame :: resource://gre/modules/BackgroundUpdate.jsm :: _reasonsToNotScheduleUpdates :: line 243"  data: no]
DevTools listening on ws://localhost:57609/devtools/browser/d2bdfab7-9e1c-3546-bbd7-12991bce19ac
DevTools listening on ws://localhost:57605/devtools/browser/17811144-fa48-924a-9490-2e150503ac09
1638277643061	Marionette	INFO	Listening on port 57636
1638277643093	Marionette	INFO	Listening on port 57629
1638277643123	RemoteAgent	WARN	TLS certificate errors will be ignored for this session
1638277643195	RemoteAgent	WARN	TLS certificate errors will be ignored for this session
1638277643776	Marionette	INFO	Stopped listening on port 57531

###!!! [Parent][RunMessage] Error: Channel closing: too late to send/recv, messages will be lost

1638277645935	Marionette	INFO	Stopped listening on port 57636

###!!! [Parent][RunMessage] Error: Channel closing: too late to send/recv, messages will be lost

1638277647303	Marionette	INFO	Stopped listening on port 57629

###!!! [Parent][RunMessage] Error: Channel closing: too late to send/recv, messages will be lost

